16:11:28.124 [main] INFO  o.e.s.SpringExampleApplicationComments - Starting SpringExampleApplicationComments using Java 17.0.9 with PID 18792 (C:\Users\Serg\Desktop\SpringComment\target\classes started by Serg in C:\Users\Serg\Desktop\SpringComment)
16:11:28.125 [main] INFO  o.e.s.SpringExampleApplicationComments - No active profile set, falling back to 1 default profile: "default"
16:11:28.809 [main] INFO  o.s.d.r.c.RepositoryConfigurationDelegate - Bootstrapping Spring Data JPA repositories in DEFAULT mode.
16:11:28.852 [main] INFO  o.s.d.r.c.RepositoryConfigurationDelegate - Finished Spring Data repository scanning in 37 ms. Found 3 JPA repository interfaces.
16:11:29.183 [main] INFO  o.s.b.w.e.tomcat.TomcatWebServer - Tomcat initialized with port(s): 8081 (http)
16:11:29.342 [main] INFO  o.a.catalina.core.StandardService - Starting service [Tomcat]
16:11:29.342 [main] INFO  o.a.catalina.core.StandardEngine - Starting Servlet engine: [Apache Tomcat/10.1.12]
16:11:29.412 [main] INFO  o.a.c.c.C.[Tomcat].[localhost].[/] - Initializing Spring embedded WebApplicationContext
16:11:29.413 [main] INFO  o.s.b.w.s.c.ServletWebServerApplicationContext - Root WebApplicationContext: initialization completed in 1257 ms
16:11:29.496 [main] INFO  com.zaxxer.hikari.HikariDataSource - HikariPool-1 - Starting...
16:11:29.622 [main] INFO  com.zaxxer.hikari.pool.HikariPool - HikariPool-1 - Added connection org.postgresql.jdbc.PgConnection@19f02280
16:11:29.624 [main] INFO  com.zaxxer.hikari.HikariDataSource - HikariPool-1 - Start completed.
16:11:29.721 [main] INFO  liquibase.database - Set default schema name to public
16:11:29.939 [main] INFO  liquibase.changelog - Reading from public.databasechangelog
16:11:29.944 [main] INFO  liquibase.executor - Changelog query completed.
16:11:30.013 [main] INFO  o.h.jpa.internal.util.LogHelper - HHH000204: Processing PersistenceUnitInfo [name: default]
16:11:30.052 [main] INFO  org.hibernate.Version - HHH000412: Hibernate ORM core version 6.2.7.Final
16:11:30.054 [main] INFO  org.hibernate.cfg.Environment - HHH000406: Using bytecode reflection optimizer
16:11:30.158 [main] INFO  o.h.b.i.BytecodeProviderInitiator - HHH000021: Bytecode provider name : bytebuddy
16:11:30.258 [main] INFO  o.s.o.j.p.SpringPersistenceUnitInfo - No LoadTimeWeaver setup: ignoring JPA class transformer
16:11:30.442 [main] INFO  o.h.b.i.BytecodeProviderInitiator - HHH000021: Bytecode provider name : bytebuddy
16:11:30.911 [main] INFO  o.h.e.t.j.p.i.JtaPlatformInitiator - HHH000490: Using JtaPlatform implementation: [org.hibernate.engine.transaction.jta.platform.internal.NoJtaPlatform]
16:11:30.913 [main] INFO  o.s.o.j.LocalContainerEntityManagerFactoryBean - Initialized JPA EntityManagerFactory for persistence unit 'default'
16:11:31.106 [main] WARN  o.s.b.a.o.j.JpaBaseConfiguration$JpaWebConfiguration - spring.jpa.open-in-view is enabled by default. Therefore, database queries may be performed during view rendering. Explicitly configure spring.jpa.open-in-view to disable this warning
16:11:31.346 [main] INFO  o.s.b.w.e.tomcat.TomcatWebServer - Tomcat started on port(s): 8081 (http) with context path ''
16:11:31.352 [main] INFO  o.e.s.SpringExampleApplicationComments - Started SpringExampleApplicationComments in 3.566 seconds (process running for 4.04)
16:27:08.540 [SpringApplicationShutdownHook] INFO  o.s.o.j.LocalContainerEntityManagerFactoryBean - Closing JPA EntityManagerFactory for persistence unit 'default'
16:27:08.542 [SpringApplicationShutdownHook] INFO  com.zaxxer.hikari.HikariDataSource - HikariPool-1 - Shutdown initiated...
16:27:08.546 [SpringApplicationShutdownHook] INFO  com.zaxxer.hikari.HikariDataSource - HikariPool-1 - Shutdown completed.
16:30:23.491 [main] INFO  o.e.s.SpringExampleApplicationComments - Starting SpringExampleApplicationComments using Java 17.0.9 with PID 40172 (C:\Users\Serg\Desktop\SpringHW_09\target\classes started by Serg in C:\Users\Serg\Desktop\SpringHW_09)
16:30:23.493 [main] INFO  o.e.s.SpringExampleApplicationComments - No active profile set, falling back to 1 default profile: "default"
16:30:23.974 [main] INFO  o.s.d.r.c.RepositoryConfigurationDelegate - Bootstrapping Spring Data JPA repositories in DEFAULT mode.
16:30:24.016 [main] INFO  o.s.d.r.c.RepositoryConfigurationDelegate - Finished Spring Data repository scanning in 36 ms. Found 3 JPA repository interfaces.
16:30:24.384 [main] INFO  o.s.b.w.e.tomcat.TomcatWebServer - Tomcat initialized with port(s): 8081 (http)
16:30:24.392 [main] INFO  o.a.catalina.core.StandardService - Starting service [Tomcat]
16:30:24.392 [main] INFO  o.a.catalina.core.StandardEngine - Starting Servlet engine: [Apache Tomcat/10.1.12]
16:30:24.464 [main] INFO  o.a.c.c.C.[Tomcat].[localhost].[/] - Initializing Spring embedded WebApplicationContext
16:30:24.464 [main] INFO  o.s.b.w.s.c.ServletWebServerApplicationContext - Root WebApplicationContext: initialization completed in 940 ms
16:30:24.547 [main] INFO  com.zaxxer.hikari.HikariDataSource - HikariPool-1 - Starting...
16:30:24.788 [main] INFO  com.zaxxer.hikari.pool.HikariPool - HikariPool-1 - Added connection org.postgresql.jdbc.PgConnection@6f930e0
16:30:24.789 [main] INFO  com.zaxxer.hikari.HikariDataSource - HikariPool-1 - Start completed.
16:30:24.890 [main] INFO  liquibase.database - Set default schema name to public
16:30:25.106 [main] INFO  liquibase.changelog - Reading from public.databasechangelog
16:30:25.111 [main] INFO  liquibase.executor - Changelog query completed.
16:30:25.172 [main] INFO  o.h.jpa.internal.util.LogHelper - HHH000204: Processing PersistenceUnitInfo [name: default]
16:30:25.210 [main] INFO  org.hibernate.Version - HHH000412: Hibernate ORM core version 6.2.7.Final
16:30:25.212 [main] INFO  org.hibernate.cfg.Environment - HHH000406: Using bytecode reflection optimizer
16:30:25.318 [main] INFO  o.h.b.i.BytecodeProviderInitiator - HHH000021: Bytecode provider name : bytebuddy
16:30:25.427 [main] INFO  o.s.o.j.p.SpringPersistenceUnitInfo - No LoadTimeWeaver setup: ignoring JPA class transformer
16:30:25.618 [main] INFO  o.h.b.i.BytecodeProviderInitiator - HHH000021: Bytecode provider name : bytebuddy
16:30:26.110 [main] INFO  o.h.e.t.j.p.i.JtaPlatformInitiator - HHH000490: Using JtaPlatform implementation: [org.hibernate.engine.transaction.jta.platform.internal.NoJtaPlatform]
16:30:26.112 [main] INFO  o.s.o.j.LocalContainerEntityManagerFactoryBean - Initialized JPA EntityManagerFactory for persistence unit 'default'
16:30:26.317 [main] WARN  o.s.b.a.o.j.JpaBaseConfiguration$JpaWebConfiguration - spring.jpa.open-in-view is enabled by default. Therefore, database queries may be performed during view rendering. Explicitly configure spring.jpa.open-in-view to disable this warning
16:30:26.558 [main] INFO  o.s.b.w.e.tomcat.TomcatWebServer - Tomcat started on port(s): 8081 (http) with context path ''
16:30:26.563 [main] INFO  o.e.s.SpringExampleApplicationComments - Started SpringExampleApplicationComments in 3.411 seconds (process running for 3.984)
16:33:38.136 [SpringApplicationShutdownHook] INFO  o.s.o.j.LocalContainerEntityManagerFactoryBean - Closing JPA EntityManagerFactory for persistence unit 'default'
16:33:38.137 [SpringApplicationShutdownHook] INFO  com.zaxxer.hikari.HikariDataSource - HikariPool-1 - Shutdown initiated...
16:33:38.140 [SpringApplicationShutdownHook] INFO  com.zaxxer.hikari.HikariDataSource - HikariPool-1 - Shutdown completed.
